[2023-06-26 16:18:21] glpiphplog.WARNING: Test logger  
[2023-06-26 16:19:44] glpiphplog.WARNING: Test logger  
[2023-06-26 16:19:48] glpiphplog.WARNING: Test logger  
[2023-06-26 16:20:04] glpiphplog.WARNING: Test logger  
[2023-06-26 16:20:18] glpiphplog.WARNING: Test logger  
[2023-06-26 16:20:18] glpiphplog.WARNING: Test logger  
[2023-06-26 16:20:47] glpiphplog.WARNING: Test logger  
[2023-06-26 16:20:56] glpiphplog.WARNING: Test logger  
[2023-06-26 16:24:30] glpiphplog.WARNING: Test logger  
[2023-06-26 16:28:24] glpiphplog.WARNING: Test logger  
[2023-06-26 16:28:25] glpiphplog.WARNING: Test logger  
[2023-06-26 16:28:26] glpiphplog.WARNING: Test logger  
[2023-06-26 16:34:12] glpiphplog.WARNING: Test logger  
[2023-06-26 16:36:58] glpiphplog.WARNING: Test logger  
[2023-06-27 09:34:26] glpiphplog.WARNING: Test logger  
[2023-06-27 09:34:39] glpiphplog.WARNING: Test logger  
[2023-06-27 09:34:47] glpiphplog.WARNING: Test logger  
[2023-06-27 09:38:26] glpiphplog.WARNING: Test logger  
[2023-06-27 09:38:52] glpiphplog.WARNING: Test logger  
[2023-06-27 09:39:23] glpiphplog.WARNING: Test logger  
[2023-06-27 09:40:40] glpiphplog.WARNING: Test logger  
[2023-06-27 09:41:10] glpiphplog.WARNING: Test logger  
[2023-06-27 09:51:30] glpiphplog.WARNING: Test logger  
[2023-06-27 10:19:16] glpiphplog.WARNING: Test logger  
[2023-06-27 10:21:06] glpiphplog.WARNING: Test logger  
[2023-06-27 10:26:35] glpiphplog.WARNING: Test logger  
[2023-06-27 10:59:31] glpiphplog.WARNING: Test logger  
[2023-06-27 10:59:48] glpiphplog.WARNING: Test logger  
[2023-06-27 11:03:06] glpiphplog.WARNING: Test logger  
[2023-06-27 11:05:08] glpiphplog.CRITICAL:   *** Uncaught Exception ParseError: syntax error, unexpected ',' in /var/www/inc/toolbox.class.php at line 2750
  Backtrace :
  :                                                  glpi_autoload()
  install/install.php:620                            spl_autoload_call()
  
[2023-06-27 11:05:12] glpiphplog.CRITICAL:   *** Uncaught Exception ParseError: syntax error, unexpected ',' in /var/www/inc/toolbox.class.php at line 2750
  Backtrace :
  :                                                  glpi_autoload()
  install/install.php:620                            spl_autoload_call()
  
[2023-06-27 11:05:40] glpiphplog.WARNING: Test logger  
[2023-06-27 11:08:02] glpiphplog.WARNING: Test logger  
[2023-06-27 11:11:51] glpiphplog.WARNING: Test logger  
[2023-06-27 11:15:44] glpiphplog.WARNING: Test logger  
[2023-06-27 11:19:30] glpiphplog.WARNING: Test logger  
